<?xml version="1.0" encoding="UTF-8"?>
<testng-results ignored="0" total="1" passed="1" failed="0" skipped="0">
  <reporter-output>
  </reporter-output>
  <suite started-at="2025-05-08T11:37:51 IST" name="Default suite" finished-at="2025-05-08T11:38:00 IST" duration-ms="9506">
    <groups>
    </groups>
    <test started-at="2025-05-08T11:37:51 IST" name="Default test" finished-at="2025-05-08T11:38:00 IST" duration-ms="9506">
      <class name="Testcases1.Applysetup">
        <test-method is-config="true" signature="setup()[pri:0, instance:Testcases1.Applysetup@2c4d1ac]" started-at="2025-05-08T11:37:51 IST" name="setup" finished-at="2025-05-08T11:37:58 IST" duration-ms="7049" status="PASS">
          <reporter-output>
          </reporter-output>
        </test-method> <!-- setup -->
        <test-method signature="actin()[pri:0, instance:Testcases1.Applysetup@2c4d1ac]" started-at="2025-05-08T11:37:58 IST" name="actin" finished-at="2025-05-08T11:38:00 IST" duration-ms="1916" status="PASS">
          <reporter-output>
          </reporter-output>
        </test-method> <!-- actin -->
        <test-method is-config="true" signature="teardown()[pri:0, instance:Testcases1.Applysetup@2c4d1ac]" started-at="2025-05-08T11:38:00 IST" name="teardown" finished-at="2025-05-08T11:38:00 IST" duration-ms="386" status="PASS">
          <reporter-output>
          </reporter-output>
        </test-method> <!-- teardown -->
      </class> <!-- Testcases1.Applysetup -->
    </test> <!-- Default test -->
  </suite> <!-- Default suite -->
</testng-results>
