<?xml version="1.0" encoding="UTF-8"?>
<testng-results ignored="0" total="1" passed="1" failed="0" skipped="0">
  <reporter-output>
  </reporter-output>
  <suite started-at="2025-03-22T20:40:08 IST" name="Default suite" finished-at="2025-03-22T20:40:19 IST" duration-ms="11234">
    <groups>
    </groups>
    <test started-at="2025-03-22T20:40:08 IST" name="Default test" finished-at="2025-03-22T20:40:19 IST" duration-ms="11234">
      <class name="Testcases1.Logintest">
        <test-method is-config="true" signature="setup()[pri:0, instance:Testcases1.Logintest@39655d3e]" started-at="2025-03-22T20:40:08 IST" name="setup" finished-at="2025-03-22T20:40:17 IST" duration-ms="8895" status="PASS">
          <reporter-output>
          </reporter-output>
        </test-method> <!-- setup -->
        <test-method signature="Login()[pri:0, instance:Testcases1.Logintest@39655d3e]" started-at="2025-03-22T20:40:17 IST" name="Login" finished-at="2025-03-22T20:40:19 IST" duration-ms="2182" status="PASS">
          <reporter-output>
          </reporter-output>
        </test-method> <!-- Login -->
        <test-method is-config="true" signature="Teardown()[pri:0, instance:Testcases1.Logintest@39655d3e]" started-at="2025-03-22T20:40:19 IST" name="Teardown" finished-at="2025-03-22T20:40:19 IST" duration-ms="0" status="PASS">
          <reporter-output>
          </reporter-output>
        </test-method> <!-- Teardown -->
      </class> <!-- Testcases1.Logintest -->
    </test> <!-- Default test -->
  </suite> <!-- Default suite -->
</testng-results>
